[2022-09-05 10:12:33] local.ERROR: could not find driver (SQL: select * from `sessions` where `id` = dPAanBkrs8KprHuo1DO7xSsAeBtNA1DYDvdyncaQ limit 1) {"exception":"[object] (Illuminate\\Database\\QueryException(code: 0): could not find driver (SQL: select * from `sessions` where `id` = dPAanBkrs8KprHuo1DO7xSsAeBtNA1DYDvdyncaQ limit 1) at /home/stunde/Downloads/Syscodes_ERP/vendor/laravel/framework/src/Illuminate/Database/Connection.php:712)
[stacktrace]
#0 /home/stunde/Downloads/Syscodes_ERP/vendor/laravel/framework/src/Illuminate/Database/Connection.php(672): Illuminate\\Database\\Connection->runQueryCallback()
#1 /home/stunde/Downloads/Syscodes_ERP/vendor/laravel/framework/src/Illuminate/Database/Connection.php(376): Illuminate\\Database\\Connection->run()
#2 /home/stunde/Downloads/Syscodes_ERP/vendor/laravel/framework/src/Illuminate/Database/Query/Builder.php(2484): Illuminate\\Database\\Connection->select()
#3 /home/stunde/Downloads/Syscodes_ERP/vendor/laravel/framework/src/Illuminate/Database/Query/Builder.php(2472): Illuminate\\Database\\Query\\Builder->runSelect()
#4 /home/stunde/Downloads/Syscodes_ERP/vendor/laravel/framework/src/Illuminate/Database/Query/Builder.php(3006): Illuminate\\Database\\Query\\Builder->Illuminate\\Database\\Query\\{closure}()
#5 /home/stunde/Downloads/Syscodes_ERP/vendor/laravel/framework/src/Illuminate/Database/Query/Builder.php(2473): Illuminate\\Database\\Query\\Builder->onceWithColumns()
#6 /home/stunde/Downloads/Syscodes_ERP/vendor/laravel/framework/src/Illuminate/Database/Concerns/BuildsQueries.php(294): Illuminate\\Database\\Query\\Builder->get()
#7 /home/stunde/Downloads/Syscodes_ERP/vendor/laravel/framework/src/Illuminate/Database/Query/Builder.php(2447): Illuminate\\Database\\Query\\Builder->first()
#8 /home/stunde/Downloads/Syscodes_ERP/vendor/laravel/framework/src/Illuminate/Session/DatabaseSessionHandler.php(97): Illuminate\\Database\\Query\\Builder->find()
#9 /home/stunde/Downloads/Syscodes_ERP/vendor/laravel/framework/src/Illuminate/Session/Store.php(106): Illuminate\\Session\\DatabaseSessionHandler->read()
#10 /home/stunde/Downloads/Syscodes_ERP/vendor/laravel/framework/src/Illuminate/Session/Store.php(96): Illuminate\\Session\\Store->readFromHandler()
#11 /home/stunde/Downloads/Syscodes_ERP/vendor/laravel/framework/src/Illuminate/Session/Store.php(80): Illuminate\\Session\\Store->loadSession()
#12 /home/stunde/Downloads/Syscodes_ERP/vendor/laravel/framework/src/Illuminate/Session/Middleware/StartSession.php(147): Illuminate\\Session\\Store->start()
#13 /home/stunde/Downloads/Syscodes_ERP/vendor/laravel/framework/src/Illuminate/Support/helpers.php(302): Illuminate\\Session\\Middleware\\StartSession->Illuminate\\Session\\Middleware\\{closure}()
#14 /home/stunde/Downloads/Syscodes_ERP/vendor/laravel/framework/src/Illuminate/Session/Middleware/StartSession.php(148): tap()
#15 /home/stunde/Downloads/Syscodes_ERP/vendor/laravel/framework/src/Illuminate/Session/Middleware/StartSession.php(116): Illuminate\\Session\\Middleware\\StartSession->startSession()
#16 /home/stunde/Downloads/Syscodes_ERP/vendor/laravel/framework/src/Illuminate/Session/Middleware/StartSession.php(64): Illuminate\\Session\\Middleware\\StartSession->handleStatefulRequest()
#17 /home/stunde/Downloads/Syscodes_ERP/vendor/laravel/framework/src/Illuminate/Pipeline/Pipeline.php(167): Illuminate\\Session\\Middleware\\StartSession->handle()
#18 /home/stunde/Downloads/Syscodes_ERP/vendor/laravel/framework/src/Illuminate/Cookie/Middleware/AddQueuedCookiesToResponse.php(37): Illuminate\\Pipeline\\Pipeline->Illuminate\\Pipeline\\{closure}()
#19 /home/stunde/Downloads/Syscodes_ERP/vendor/laravel/framework/src/Illuminate/Pipeline/Pipeline.php(167): Illuminate\\Cookie\\Middleware\\AddQueuedCookiesToResponse->handle()
#20 /home/stunde/Downloads/Syscodes_ERP/vendor/laravel/framework/src/Illuminate/Cookie/Middleware/EncryptCookies.php(67): Illuminate\\Pipeline\\Pipeline->Illuminate\\Pipeline\\{closure}()
#21 /home/stunde/Downloads/Syscodes_ERP/vendor/laravel/framework/src/Illuminate/Pipeline/Pipeline.php(167): Illuminate\\Cookie\\Middleware\\EncryptCookies->handle()
#22 /home/stunde/Downloads/Syscodes_ERP/vendor/laravel/framework/src/Illuminate/Pipeline/Pipeline.php(103): Illuminate\\Pipeline\\Pipeline->Illuminate\\Pipeline\\{closure}()
#23 /home/stunde/Downloads/Syscodes_ERP/vendor/laravel/framework/src/Illuminate/Routing/Router.php(726): Illuminate\\Pipeline\\Pipeline->then()
#24 /home/stunde/Downloads/Syscodes_ERP/vendor/laravel/framework/src/Illuminate/Routing/Router.php(701): Illuminate\\Routing\\Router->runRouteWithinStack()
#25 /home/stunde/Downloads/Syscodes_ERP/vendor/laravel/framework/src/Illuminate/Routing/Router.php(665): Illuminate\\Routing\\Router->runRoute()
#26 /home/stunde/Downloads/Syscodes_ERP/vendor/laravel/framework/src/Illuminate/Routing/Router.php(654): Illuminate\\Routing\\Router->dispatchToRoute()
#27 /home/stunde/Downloads/Syscodes_ERP/vendor/laravel/framework/src/Illuminate/Foundation/Http/Kernel.php(167): Illuminate\\Routing\\Router->dispatch()
#28 /home/stunde/Downloads/Syscodes_ERP/vendor/laravel/framework/src/Illuminate/Pipeline/Pipeline.php(128): Illuminate\\Foundation\\Http\\Kernel->Illuminate\\Foundation\\Http\\{closure}()
#29 /home/stunde/Downloads/Syscodes_ERP/vendor/livewire/livewire/src/DisableBrowserCache.php(19): Illuminate\\Pipeline\\Pipeline->Illuminate\\Pipeline\\{closure}()
#30 /home/stunde/Downloads/Syscodes_ERP/vendor/laravel/framework/src/Illuminate/Pipeline/Pipeline.php(167): Livewire\\DisableBrowserCache->handle()
#31 /home/stunde/Downloads/Syscodes_ERP/vendor/laravel/framework/src/Illuminate/Foundation/Http/Middleware/TransformsRequest.php(21): Illuminate\\Pipeline\\Pipeline->Illuminate\\Pipeline\\{closure}()
#32 /home/stunde/Downloads/Syscodes_ERP/vendor/laravel/framework/src/Illuminate/Foundation/Http/Middleware/ConvertEmptyStringsToNull.php(31): Illuminate\\Foundation\\Http\\Middleware\\TransformsRequest->handle()
#33 /home/stunde/Downloads/Syscodes_ERP/vendor/laravel/framework/src/Illuminate/Pipeline/Pipeline.php(167): Illuminate\\Foundation\\Http\\Middleware\\ConvertEmptyStringsToNull->handle()
#34 /home/stunde/Downloads/Syscodes_ERP/vendor/laravel/framework/src/Illuminate/Foundation/Http/Middleware/TransformsRequest.php(21): Illuminate\\Pipeline\\Pipeline->Illuminate\\Pipeline\\{closure}()
#35 /home/stunde/Downloads/Syscodes_ERP/vendor/laravel/framework/src/Illuminate/Foundation/Http/Middleware/TrimStrings.php(40): Illuminate\\Foundation\\Http\\Middleware\\TransformsRequest->handle()
#36 /home/stunde/Downloads/Syscodes_ERP/vendor/laravel/framework/src/Illuminate/Pipeline/Pipeline.php(167): Illuminate\\Foundation\\Http\\Middleware\\TrimStrings->handle()
#37 /home/stunde/Downloads/Syscodes_ERP/vendor/laravel/framework/src/Illuminate/Foundation/Http/Middleware/ValidatePostSize.php(27): Illuminate\\Pipeline\\Pipeline->Illuminate\\Pipeline\\{closure}()
#38 /home/stunde/Downloads/Syscodes_ERP/vendor/laravel/framework/src/Illuminate/Pipeline/Pipeline.php(167): Illuminate\\Foundation\\Http\\Middleware\\ValidatePostSize->handle()
#39 /home/stunde/Downloads/Syscodes_ERP/vendor/laravel/framework/src/Illuminate/Foundation/Http/Middleware/PreventRequestsDuringMaintenance.php(86): Illuminate\\Pipeline\\Pipeline->Illuminate\\Pipeline\\{closure}()
#40 /home/stunde/Downloads/Syscodes_ERP/vendor/laravel/framework/src/Illuminate/Pipeline/Pipeline.php(167): Illuminate\\Foundation\\Http\\Middleware\\PreventRequestsDuringMaintenance->handle()
#41 /home/stunde/Downloads/Syscodes_ERP/vendor/fruitcake/laravel-cors/src/HandleCors.php(38): Illuminate\\Pipeline\\Pipeline->Illuminate\\Pipeline\\{closure}()
#42 /home/stunde/Downloads/Syscodes_ERP/vendor/laravel/framework/src/Illuminate/Pipeline/Pipeline.php(167): Fruitcake\\Cors\\HandleCors->handle()
#43 /home/stunde/Downloads/Syscodes_ERP/vendor/laravel/framework/src/Illuminate/Http/Middleware/TrustProxies.php(39): Illuminate\\Pipeline\\Pipeline->Illuminate\\Pipeline\\{closure}()
#44 /home/stunde/Downloads/Syscodes_ERP/vendor/laravel/framework/src/Illuminate/Pipeline/Pipeline.php(167): Illuminate\\Http\\Middleware\\TrustProxies->handle()
#45 /home/stunde/Downloads/Syscodes_ERP/vendor/laravel/framework/src/Illuminate/Pipeline/Pipeline.php(103): Illuminate\\Pipeline\\Pipeline->Illuminate\\Pipeline\\{closure}()
#46 /home/stunde/Downloads/Syscodes_ERP/vendor/laravel/framework/src/Illuminate/Foundation/Http/Kernel.php(142): Illuminate\\Pipeline\\Pipeline->then()
#47 /home/stunde/Downloads/Syscodes_ERP/vendor/laravel/framework/src/Illuminate/Foundation/Http/Kernel.php(111): Illuminate\\Foundation\\Http\\Kernel->sendRequestThroughRouter()
#48 /home/stunde/Downloads/Syscodes_ERP/public/index.php(52): Illuminate\\Foundation\\Http\\Kernel->handle()
#49 /home/stunde/Downloads/Syscodes_ERP/vendor/laravel/framework/src/Illuminate/Foundation/resources/server.php(16): require_once('...')
#50 {main}

[previous exception] [object] (PDOException(code: 0): could not find driver at /home/stunde/Downloads/Syscodes_ERP/vendor/laravel/framework/src/Illuminate/Database/Connectors/Connector.php:70)
[stacktrace]
#0 /home/stunde/Downloads/Syscodes_ERP/vendor/laravel/framework/src/Illuminate/Database/Connectors/Connector.php(70): PDO->__construct()
#1 /home/stunde/Downloads/Syscodes_ERP/vendor/laravel/framework/src/Illuminate/Database/Connectors/Connector.php(46): Illuminate\\Database\\Connectors\\Connector->createPdoConnection()
#2 /home/stunde/Downloads/Syscodes_ERP/vendor/laravel/framework/src/Illuminate/Database/Connectors/MySqlConnector.php(24): Illuminate\\Database\\Connectors\\Connector->createConnection()
#3 /home/stunde/Downloads/Syscodes_ERP/vendor/laravel/framework/src/Illuminate/Database/Connectors/ConnectionFactory.php(184): Illuminate\\Database\\Connectors\\MySqlConnector->connect()
#4 [internal function]: Illuminate\\Database\\Connectors\\ConnectionFactory->Illuminate\\Database\\Connectors\\{closure}()
#5 /home/stunde/Downloads/Syscodes_ERP/vendor/laravel/framework/src/Illuminate/Database/Connection.php(1060): call_user_func()
#6 /home/stunde/Downloads/Syscodes_ERP/vendor/laravel/framework/src/Illuminate/Database/Connection.php(1096): Illuminate\\Database\\Connection->getPdo()
#7 /home/stunde/Downloads/Syscodes_ERP/vendor/laravel/framework/src/Illuminate/Database/Connection.php(442): Illuminate\\Database\\Connection->getReadPdo()
#8 /home/stunde/Downloads/Syscodes_ERP/vendor/laravel/framework/src/Illuminate/Database/Connection.php(368): Illuminate\\Database\\Connection->getPdoForSelect()
#9 /home/stunde/Downloads/Syscodes_ERP/vendor/laravel/framework/src/Illuminate/Database/Connection.php(705): Illuminate\\Database\\Connection->Illuminate\\Database\\{closure}()
#10 /home/stunde/Downloads/Syscodes_ERP/vendor/laravel/framework/src/Illuminate/Database/Connection.php(672): Illuminate\\Database\\Connection->runQueryCallback()
#11 /home/stunde/Downloads/Syscodes_ERP/vendor/laravel/framework/src/Illuminate/Database/Connection.php(376): Illuminate\\Database\\Connection->run()
#12 /home/stunde/Downloads/Syscodes_ERP/vendor/laravel/framework/src/Illuminate/Database/Query/Builder.php(2484): Illuminate\\Database\\Connection->select()
#13 /home/stunde/Downloads/Syscodes_ERP/vendor/laravel/framework/src/Illuminate/Database/Query/Builder.php(2472): Illuminate\\Database\\Query\\Builder->runSelect()
#14 /home/stunde/Downloads/Syscodes_ERP/vendor/laravel/framework/src/Illuminate/Database/Query/Builder.php(3006): Illuminate\\Database\\Query\\Builder->Illuminate\\Database\\Query\\{closure}()
#15 /home/stunde/Downloads/Syscodes_ERP/vendor/laravel/framework/src/Illuminate/Database/Query/Builder.php(2473): Illuminate\\Database\\Query\\Builder->onceWithColumns()
#16 /home/stunde/Downloads/Syscodes_ERP/vendor/laravel/framework/src/Illuminate/Database/Concerns/BuildsQueries.php(294): Illuminate\\Database\\Query\\Builder->get()
#17 /home/stunde/Downloads/Syscodes_ERP/vendor/laravel/framework/src/Illuminate/Database/Query/Builder.php(2447): Illuminate\\Database\\Query\\Builder->first()
#18 /home/stunde/Downloads/Syscodes_ERP/vendor/laravel/framework/src/Illuminate/Session/DatabaseSessionHandler.php(97): Illuminate\\Database\\Query\\Builder->find()
#19 /home/stunde/Downloads/Syscodes_ERP/vendor/laravel/framework/src/Illuminate/Session/Store.php(106): Illuminate\\Session\\DatabaseSessionHandler->read()
#20 /home/stunde/Downloads/Syscodes_ERP/vendor/laravel/framework/src/Illuminate/Session/Store.php(96): Illuminate\\Session\\Store->readFromHandler()
#21 /home/stunde/Downloads/Syscodes_ERP/vendor/laravel/framework/src/Illuminate/Session/Store.php(80): Illuminate\\Session\\Store->loadSession()
#22 /home/stunde/Downloads/Syscodes_ERP/vendor/laravel/framework/src/Illuminate/Session/Middleware/StartSession.php(147): Illuminate\\Session\\Store->start()
#23 /home/stunde/Downloads/Syscodes_ERP/vendor/laravel/framework/src/Illuminate/Support/helpers.php(302): Illuminate\\Session\\Middleware\\StartSession->Illuminate\\Session\\Middleware\\{closure}()
#24 /home/stunde/Downloads/Syscodes_ERP/vendor/laravel/framework/src/Illuminate/Session/Middleware/StartSession.php(148): tap()
#25 /home/stunde/Downloads/Syscodes_ERP/vendor/laravel/framework/src/Illuminate/Session/Middleware/StartSession.php(116): Illuminate\\Session\\Middleware\\StartSession->startSession()
#26 /home/stunde/Downloads/Syscodes_ERP/vendor/laravel/framework/src/Illuminate/Session/Middleware/StartSession.php(64): Illuminate\\Session\\Middleware\\StartSession->handleStatefulRequest()
#27 /home/stunde/Downloads/Syscodes_ERP/vendor/laravel/framework/src/Illuminate/Pipeline/Pipeline.php(167): Illuminate\\Session\\Middleware\\StartSession->handle()
#28 /home/stunde/Downloads/Syscodes_ERP/vendor/laravel/framework/src/Illuminate/Cookie/Middleware/AddQueuedCookiesToResponse.php(37): Illuminate\\Pipeline\\Pipeline->Illuminate\\Pipeline\\{closure}()
#29 /home/stunde/Downloads/Syscodes_ERP/vendor/laravel/framework/src/Illuminate/Pipeline/Pipeline.php(167): Illuminate\\Cookie\\Middleware\\AddQueuedCookiesToResponse->handle()
#30 /home/stunde/Downloads/Syscodes_ERP/vendor/laravel/framework/src/Illuminate/Cookie/Middleware/EncryptCookies.php(67): Illuminate\\Pipeline\\Pipeline->Illuminate\\Pipeline\\{closure}()
#31 /home/stunde/Downloads/Syscodes_ERP/vendor/laravel/framework/src/Illuminate/Pipeline/Pipeline.php(167): Illuminate\\Cookie\\Middleware\\EncryptCookies->handle()
#32 /home/stunde/Downloads/Syscodes_ERP/vendor/laravel/framework/src/Illuminate/Pipeline/Pipeline.php(103): Illuminate\\Pipeline\\Pipeline->Illuminate\\Pipeline\\{closure}()
#33 /home/stunde/Downloads/Syscodes_ERP/vendor/laravel/framework/src/Illuminate/Routing/Router.php(726): Illuminate\\Pipeline\\Pipeline->then()
#34 /home/stunde/Downloads/Syscodes_ERP/vendor/laravel/framework/src/Illuminate/Routing/Router.php(701): Illuminate\\Routing\\Router->runRouteWithinStack()
#35 /home/stunde/Downloads/Syscodes_ERP/vendor/laravel/framework/src/Illuminate/Routing/Router.php(665): Illuminate\\Routing\\Router->runRoute()
#36 /home/stunde/Downloads/Syscodes_ERP/vendor/laravel/framework/src/Illuminate/Routing/Router.php(654): Illuminate\\Routing\\Router->dispatchToRoute()
#37 /home/stunde/Downloads/Syscodes_ERP/vendor/laravel/framework/src/Illuminate/Foundation/Http/Kernel.php(167): Illuminate\\Routing\\Router->dispatch()
#38 /home/stunde/Downloads/Syscodes_ERP/vendor/laravel/framework/src/Illuminate/Pipeline/Pipeline.php(128): Illuminate\\Foundation\\Http\\Kernel->Illuminate\\Foundation\\Http\\{closure}()
#39 /home/stunde/Downloads/Syscodes_ERP/vendor/livewire/livewire/src/DisableBrowserCache.php(19): Illuminate\\Pipeline\\Pipeline->Illuminate\\Pipeline\\{closure}()
#40 /home/stunde/Downloads/Syscodes_ERP/vendor/laravel/framework/src/Illuminate/Pipeline/Pipeline.php(167): Livewire\\DisableBrowserCache->handle()
#41 /home/stunde/Downloads/Syscodes_ERP/vendor/laravel/framework/src/Illuminate/Foundation/Http/Middleware/TransformsRequest.php(21): Illuminate\\Pipeline\\Pipeline->Illuminate\\Pipeline\\{closure}()
#42 /home/stunde/Downloads/Syscodes_ERP/vendor/laravel/framework/src/Illuminate/Foundation/Http/Middleware/ConvertEmptyStringsToNull.php(31): Illuminate\\Foundation\\Http\\Middleware\\TransformsRequest->handle()
#43 /home/stunde/Downloads/Syscodes_ERP/vendor/laravel/framework/src/Illuminate/Pipeline/Pipeline.php(167): Illuminate\\Foundation\\Http\\Middleware\\ConvertEmptyStringsToNull->handle()
#44 /home/stunde/Downloads/Syscodes_ERP/vendor/laravel/framework/src/Illuminate/Foundation/Http/Middleware/TransformsRequest.php(21): Illuminate\\Pipeline\\Pipeline->Illuminate\\Pipeline\\{closure}()
#45 /home/stunde/Downloads/Syscodes_ERP/vendor/laravel/framework/src/Illuminate/Foundation/Http/Middleware/TrimStrings.php(40): Illuminate\\Foundation\\Http\\Middleware\\TransformsRequest->handle()
#46 /home/stunde/Downloads/Syscodes_ERP/vendor/laravel/framework/src/Illuminate/Pipeline/Pipeline.php(167): Illuminate\\Foundation\\Http\\Middleware\\TrimStrings->handle()
#47 /home/stunde/Downloads/Syscodes_ERP/vendor/laravel/framework/src/Illuminate/Foundation/Http/Middleware/ValidatePostSize.php(27): Illuminate\\Pipeline\\Pipeline->Illuminate\\Pipeline\\{closure}()
#48 /home/stunde/Downloads/Syscodes_ERP/vendor/laravel/framework/src/Illuminate/Pipeline/Pipeline.php(167): Illuminate\\Foundation\\Http\\Middleware\\ValidatePostSize->handle()
#49 /home/stunde/Downloads/Syscodes_ERP/vendor/laravel/framework/src/Illuminate/Foundation/Http/Middleware/PreventRequestsDuringMaintenance.php(86): Illuminate\\Pipeline\\Pipeline->Illuminate\\Pipeline\\{closure}()
#50 /home/stunde/Downloads/Syscodes_ERP/vendor/laravel/framework/src/Illuminate/Pipeline/Pipeline.php(167): Illuminate\\Foundation\\Http\\Middleware\\PreventRequestsDuringMaintenance->handle()
#51 /home/stunde/Downloads/Syscodes_ERP/vendor/fruitcake/laravel-cors/src/HandleCors.php(38): Illuminate\\Pipeline\\Pipeline->Illuminate\\Pipeline\\{closure}()
#52 /home/stunde/Downloads/Syscodes_ERP/vendor/laravel/framework/src/Illuminate/Pipeline/Pipeline.php(167): Fruitcake\\Cors\\HandleCors->handle()
#53 /home/stunde/Downloads/Syscodes_ERP/vendor/laravel/framework/src/Illuminate/Http/Middleware/TrustProxies.php(39): Illuminate\\Pipeline\\Pipeline->Illuminate\\Pipeline\\{closure}()
#54 /home/stunde/Downloads/Syscodes_ERP/vendor/laravel/framework/src/Illuminate/Pipeline/Pipeline.php(167): Illuminate\\Http\\Middleware\\TrustProxies->handle()
#55 /home/stunde/Downloads/Syscodes_ERP/vendor/laravel/framework/src/Illuminate/Pipeline/Pipeline.php(103): Illuminate\\Pipeline\\Pipeline->Illuminate\\Pipeline\\{closure}()
#56 /home/stunde/Downloads/Syscodes_ERP/vendor/laravel/framework/src/Illuminate/Foundation/Http/Kernel.php(142): Illuminate\\Pipeline\\Pipeline->then()
#57 /home/stunde/Downloads/Syscodes_ERP/vendor/laravel/framework/src/Illuminate/Foundation/Http/Kernel.php(111): Illuminate\\Foundation\\Http\\Kernel->sendRequestThroughRouter()
#58 /home/stunde/Downloads/Syscodes_ERP/public/index.php(52): Illuminate\\Foundation\\Http\\Kernel->handle()
#59 /home/stunde/Downloads/Syscodes_ERP/vendor/laravel/framework/src/Illuminate/Foundation/resources/server.php(16): require_once('...')
#60 {main}
"} 
[2022-09-05 10:32:44] local.ERROR: could not find driver (SQL: select * from `sessions` where `id` = 8Ed3XqjJ4pLQnTOtS7phmUe9eARmPEYjDtRqyp8Q limit 1) {"exception":"[object] (Illuminate\\Database\\QueryException(code: 0): could not find driver (SQL: select * from `sessions` where `id` = 8Ed3XqjJ4pLQnTOtS7phmUe9eARmPEYjDtRqyp8Q limit 1) at /home/stunde/Downloads/Syscodes_ERP/vendor/laravel/framework/src/Illuminate/Database/Connection.php:712)
[stacktrace]
#0 /home/stunde/Downloads/Syscodes_ERP/vendor/laravel/framework/src/Illuminate/Database/Connection.php(672): Illuminate\\Database\\Connection->runQueryCallback()
#1 /home/stunde/Downloads/Syscodes_ERP/vendor/laravel/framework/src/Illuminate/Database/Connection.php(376): Illuminate\\Database\\Connection->run()
#2 /home/stunde/Downloads/Syscodes_ERP/vendor/laravel/framework/src/Illuminate/Database/Query/Builder.php(2484): Illuminate\\Database\\Connection->select()
#3 /home/stunde/Downloads/Syscodes_ERP/vendor/laravel/framework/src/Illuminate/Database/Query/Builder.php(2472): Illuminate\\Database\\Query\\Builder->runSelect()
#4 /home/stunde/Downloads/Syscodes_ERP/vendor/laravel/framework/src/Illuminate/Database/Query/Builder.php(3006): Illuminate\\Database\\Query\\Builder->Illuminate\\Database\\Query\\{closure}()
#5 /home/stunde/Downloads/Syscodes_ERP/vendor/laravel/framework/src/Illuminate/Database/Query/Builder.php(2473): Illuminate\\Database\\Query\\Builder->onceWithColumns()
#6 /home/stunde/Downloads/Syscodes_ERP/vendor/laravel/framework/src/Illuminate/Database/Concerns/BuildsQueries.php(294): Illuminate\\Database\\Query\\Builder->get()
#7 /home/stunde/Downloads/Syscodes_ERP/vendor/laravel/framework/src/Illuminate/Database/Query/Builder.php(2447): Illuminate\\Database\\Query\\Builder->first()
#8 /home/stunde/Downloads/Syscodes_ERP/vendor/laravel/framework/src/Illuminate/Session/DatabaseSessionHandler.php(97): Illuminate\\Database\\Query\\Builder->find()
#9 /home/stunde/Downloads/Syscodes_ERP/vendor/laravel/framework/src/Illuminate/Session/Store.php(106): Illuminate\\Session\\DatabaseSessionHandler->read()
#10 /home/stunde/Downloads/Syscodes_ERP/vendor/laravel/framework/src/Illuminate/Session/Store.php(96): Illuminate\\Session\\Store->readFromHandler()
#11 /home/stunde/Downloads/Syscodes_ERP/vendor/laravel/framework/src/Illuminate/Session/Store.php(80): Illuminate\\Session\\Store->loadSession()
#12 /home/stunde/Downloads/Syscodes_ERP/vendor/laravel/framework/src/Illuminate/Session/Middleware/StartSession.php(147): Illuminate\\Session\\Store->start()
#13 /home/stunde/Downloads/Syscodes_ERP/vendor/laravel/framework/src/Illuminate/Support/helpers.php(302): Illuminate\\Session\\Middleware\\StartSession->Illuminate\\Session\\Middleware\\{closure}()
#14 /home/stunde/Downloads/Syscodes_ERP/vendor/laravel/framework/src/Illuminate/Session/Middleware/StartSession.php(148): tap()
#15 /home/stunde/Downloads/Syscodes_ERP/vendor/laravel/framework/src/Illuminate/Session/Middleware/StartSession.php(116): Illuminate\\Session\\Middleware\\StartSession->startSession()
#16 /home/stunde/Downloads/Syscodes_ERP/vendor/laravel/framework/src/Illuminate/Session/Middleware/StartSession.php(64): Illuminate\\Session\\Middleware\\StartSession->handleStatefulRequest()
#17 /home/stunde/Downloads/Syscodes_ERP/vendor/laravel/framework/src/Illuminate/Pipeline/Pipeline.php(167): Illuminate\\Session\\Middleware\\StartSession->handle()
#18 /home/stunde/Downloads/Syscodes_ERP/vendor/laravel/framework/src/Illuminate/Cookie/Middleware/AddQueuedCookiesToResponse.php(37): Illuminate\\Pipeline\\Pipeline->Illuminate\\Pipeline\\{closure}()
#19 /home/stunde/Downloads/Syscodes_ERP/vendor/laravel/framework/src/Illuminate/Pipeline/Pipeline.php(167): Illuminate\\Cookie\\Middleware\\AddQueuedCookiesToResponse->handle()
#20 /home/stunde/Downloads/Syscodes_ERP/vendor/laravel/framework/src/Illuminate/Cookie/Middleware/EncryptCookies.php(67): Illuminate\\Pipeline\\Pipeline->Illuminate\\Pipeline\\{closure}()
#21 /home/stunde/Downloads/Syscodes_ERP/vendor/laravel/framework/src/Illuminate/Pipeline/Pipeline.php(167): Illuminate\\Cookie\\Middleware\\EncryptCookies->handle()
#22 /home/stunde/Downloads/Syscodes_ERP/vendor/laravel/framework/src/Illuminate/Pipeline/Pipeline.php(103): Illuminate\\Pipeline\\Pipeline->Illuminate\\Pipeline\\{closure}()
#23 /home/stunde/Downloads/Syscodes_ERP/vendor/laravel/framework/src/Illuminate/Routing/Router.php(726): Illuminate\\Pipeline\\Pipeline->then()
#24 /home/stunde/Downloads/Syscodes_ERP/vendor/laravel/framework/src/Illuminate/Routing/Router.php(701): Illuminate\\Routing\\Router->runRouteWithinStack()
#25 /home/stunde/Downloads/Syscodes_ERP/vendor/laravel/framework/src/Illuminate/Routing/Router.php(665): Illuminate\\Routing\\Router->runRoute()
#26 /home/stunde/Downloads/Syscodes_ERP/vendor/laravel/framework/src/Illuminate/Routing/Router.php(654): Illuminate\\Routing\\Router->dispatchToRoute()
#27 /home/stunde/Downloads/Syscodes_ERP/vendor/laravel/framework/src/Illuminate/Foundation/Http/Kernel.php(167): Illuminate\\Routing\\Router->dispatch()
#28 /home/stunde/Downloads/Syscodes_ERP/vendor/laravel/framework/src/Illuminate/Pipeline/Pipeline.php(128): Illuminate\\Foundation\\Http\\Kernel->Illuminate\\Foundation\\Http\\{closure}()
#29 /home/stunde/Downloads/Syscodes_ERP/vendor/livewire/livewire/src/DisableBrowserCache.php(19): Illuminate\\Pipeline\\Pipeline->Illuminate\\Pipeline\\{closure}()
#30 /home/stunde/Downloads/Syscodes_ERP/vendor/laravel/framework/src/Illuminate/Pipeline/Pipeline.php(167): Livewire\\DisableBrowserCache->handle()
#31 /home/stunde/Downloads/Syscodes_ERP/vendor/laravel/framework/src/Illuminate/Foundation/Http/Middleware/TransformsRequest.php(21): Illuminate\\Pipeline\\Pipeline->Illuminate\\Pipeline\\{closure}()
#32 /home/stunde/Downloads/Syscodes_ERP/vendor/laravel/framework/src/Illuminate/Foundation/Http/Middleware/ConvertEmptyStringsToNull.php(31): Illuminate\\Foundation\\Http\\Middleware\\TransformsRequest->handle()
#33 /home/stunde/Downloads/Syscodes_ERP/vendor/laravel/framework/src/Illuminate/Pipeline/Pipeline.php(167): Illuminate\\Foundation\\Http\\Middleware\\ConvertEmptyStringsToNull->handle()
#34 /home/stunde/Downloads/Syscodes_ERP/vendor/laravel/framework/src/Illuminate/Foundation/Http/Middleware/TransformsRequest.php(21): Illuminate\\Pipeline\\Pipeline->Illuminate\\Pipeline\\{closure}()
#35 /home/stunde/Downloads/Syscodes_ERP/vendor/laravel/framework/src/Illuminate/Foundation/Http/Middleware/TrimStrings.php(40): Illuminate\\Foundation\\Http\\Middleware\\TransformsRequest->handle()
#36 /home/stunde/Downloads/Syscodes_ERP/vendor/laravel/framework/src/Illuminate/Pipeline/Pipeline.php(167): Illuminate\\Foundation\\Http\\Middleware\\TrimStrings->handle()
#37 /home/stunde/Downloads/Syscodes_ERP/vendor/laravel/framework/src/Illuminate/Foundation/Http/Middleware/ValidatePostSize.php(27): Illuminate\\Pipeline\\Pipeline->Illuminate\\Pipeline\\{closure}()
#38 /home/stunde/Downloads/Syscodes_ERP/vendor/laravel/framework/src/Illuminate/Pipeline/Pipeline.php(167): Illuminate\\Foundation\\Http\\Middleware\\ValidatePostSize->handle()
#39 /home/stunde/Downloads/Syscodes_ERP/vendor/laravel/framework/src/Illuminate/Foundation/Http/Middleware/PreventRequestsDuringMaintenance.php(86): Illuminate\\Pipeline\\Pipeline->Illuminate\\Pipeline\\{closure}()
#40 /home/stunde/Downloads/Syscodes_ERP/vendor/laravel/framework/src/Illuminate/Pipeline/Pipeline.php(167): Illuminate\\Foundation\\Http\\Middleware\\PreventRequestsDuringMaintenance->handle()
#41 /home/stunde/Downloads/Syscodes_ERP/vendor/fruitcake/laravel-cors/src/HandleCors.php(38): Illuminate\\Pipeline\\Pipeline->Illuminate\\Pipeline\\{closure}()
#42 /home/stunde/Downloads/Syscodes_ERP/vendor/laravel/framework/src/Illuminate/Pipeline/Pipeline.php(167): Fruitcake\\Cors\\HandleCors->handle()
#43 /home/stunde/Downloads/Syscodes_ERP/vendor/laravel/framework/src/Illuminate/Http/Middleware/TrustProxies.php(39): Illuminate\\Pipeline\\Pipeline->Illuminate\\Pipeline\\{closure}()
#44 /home/stunde/Downloads/Syscodes_ERP/vendor/laravel/framework/src/Illuminate/Pipeline/Pipeline.php(167): Illuminate\\Http\\Middleware\\TrustProxies->handle()
#45 /home/stunde/Downloads/Syscodes_ERP/vendor/laravel/framework/src/Illuminate/Pipeline/Pipeline.php(103): Illuminate\\Pipeline\\Pipeline->Illuminate\\Pipeline\\{closure}()
#46 /home/stunde/Downloads/Syscodes_ERP/vendor/laravel/framework/src/Illuminate/Foundation/Http/Kernel.php(142): Illuminate\\Pipeline\\Pipeline->then()
#47 /home/stunde/Downloads/Syscodes_ERP/vendor/laravel/framework/src/Illuminate/Foundation/Http/Kernel.php(111): Illuminate\\Foundation\\Http\\Kernel->sendRequestThroughRouter()
#48 /home/stunde/Downloads/Syscodes_ERP/public/index.php(52): Illuminate\\Foundation\\Http\\Kernel->handle()
#49 /home/stunde/Downloads/Syscodes_ERP/vendor/laravel/framework/src/Illuminate/Foundation/resources/server.php(16): require_once('...')
#50 {main}

[previous exception] [object] (PDOException(code: 0): could not find driver at /home/stunde/Downloads/Syscodes_ERP/vendor/laravel/framework/src/Illuminate/Database/Connectors/Connector.php:70)
[stacktrace]
#0 /home/stunde/Downloads/Syscodes_ERP/vendor/laravel/framework/src/Illuminate/Database/Connectors/Connector.php(70): PDO->__construct()
#1 /home/stunde/Downloads/Syscodes_ERP/vendor/laravel/framework/src/Illuminate/Database/Connectors/Connector.php(46): Illuminate\\Database\\Connectors\\Connector->createPdoConnection()
#2 /home/stunde/Downloads/Syscodes_ERP/vendor/laravel/framework/src/Illuminate/Database/Connectors/MySqlConnector.php(24): Illuminate\\Database\\Connectors\\Connector->createConnection()
#3 /home/stunde/Downloads/Syscodes_ERP/vendor/laravel/framework/src/Illuminate/Database/Connectors/ConnectionFactory.php(184): Illuminate\\Database\\Connectors\\MySqlConnector->connect()
#4 [internal function]: Illuminate\\Database\\Connectors\\ConnectionFactory->Illuminate\\Database\\Connectors\\{closure}()
#5 /home/stunde/Downloads/Syscodes_ERP/vendor/laravel/framework/src/Illuminate/Database/Connection.php(1060): call_user_func()
#6 /home/stunde/Downloads/Syscodes_ERP/vendor/laravel/framework/src/Illuminate/Database/Connection.php(1096): Illuminate\\Database\\Connection->getPdo()
#7 /home/stunde/Downloads/Syscodes_ERP/vendor/laravel/framework/src/Illuminate/Database/Connection.php(442): Illuminate\\Database\\Connection->getReadPdo()
#8 /home/stunde/Downloads/Syscodes_ERP/vendor/laravel/framework/src/Illuminate/Database/Connection.php(368): Illuminate\\Database\\Connection->getPdoForSelect()
#9 /home/stunde/Downloads/Syscodes_ERP/vendor/laravel/framework/src/Illuminate/Database/Connection.php(705): Illuminate\\Database\\Connection->Illuminate\\Database\\{closure}()
#10 /home/stunde/Downloads/Syscodes_ERP/vendor/laravel/framework/src/Illuminate/Database/Connection.php(672): Illuminate\\Database\\Connection->runQueryCallback()
#11 /home/stunde/Downloads/Syscodes_ERP/vendor/laravel/framework/src/Illuminate/Database/Connection.php(376): Illuminate\\Database\\Connection->run()
#12 /home/stunde/Downloads/Syscodes_ERP/vendor/laravel/framework/src/Illuminate/Database/Query/Builder.php(2484): Illuminate\\Database\\Connection->select()
#13 /home/stunde/Downloads/Syscodes_ERP/vendor/laravel/framework/src/Illuminate/Database/Query/Builder.php(2472): Illuminate\\Database\\Query\\Builder->runSelect()
#14 /home/stunde/Downloads/Syscodes_ERP/vendor/laravel/framework/src/Illuminate/Database/Query/Builder.php(3006): Illuminate\\Database\\Query\\Builder->Illuminate\\Database\\Query\\{closure}()
#15 /home/stunde/Downloads/Syscodes_ERP/vendor/laravel/framework/src/Illuminate/Database/Query/Builder.php(2473): Illuminate\\Database\\Query\\Builder->onceWithColumns()
#16 /home/stunde/Downloads/Syscodes_ERP/vendor/laravel/framework/src/Illuminate/Database/Concerns/BuildsQueries.php(294): Illuminate\\Database\\Query\\Builder->get()
#17 /home/stunde/Downloads/Syscodes_ERP/vendor/laravel/framework/src/Illuminate/Database/Query/Builder.php(2447): Illuminate\\Database\\Query\\Builder->first()
#18 /home/stunde/Downloads/Syscodes_ERP/vendor/laravel/framework/src/Illuminate/Session/DatabaseSessionHandler.php(97): Illuminate\\Database\\Query\\Builder->find()
#19 /home/stunde/Downloads/Syscodes_ERP/vendor/laravel/framework/src/Illuminate/Session/Store.php(106): Illuminate\\Session\\DatabaseSessionHandler->read()
#20 /home/stunde/Downloads/Syscodes_ERP/vendor/laravel/framework/src/Illuminate/Session/Store.php(96): Illuminate\\Session\\Store->readFromHandler()
#21 /home/stunde/Downloads/Syscodes_ERP/vendor/laravel/framework/src/Illuminate/Session/Store.php(80): Illuminate\\Session\\Store->loadSession()
#22 /home/stunde/Downloads/Syscodes_ERP/vendor/laravel/framework/src/Illuminate/Session/Middleware/StartSession.php(147): Illuminate\\Session\\Store->start()
#23 /home/stunde/Downloads/Syscodes_ERP/vendor/laravel/framework/src/Illuminate/Support/helpers.php(302): Illuminate\\Session\\Middleware\\StartSession->Illuminate\\Session\\Middleware\\{closure}()
#24 /home/stunde/Downloads/Syscodes_ERP/vendor/laravel/framework/src/Illuminate/Session/Middleware/StartSession.php(148): tap()
#25 /home/stunde/Downloads/Syscodes_ERP/vendor/laravel/framework/src/Illuminate/Session/Middleware/StartSession.php(116): Illuminate\\Session\\Middleware\\StartSession->startSession()
#26 /home/stunde/Downloads/Syscodes_ERP/vendor/laravel/framework/src/Illuminate/Session/Middleware/StartSession.php(64): Illuminate\\Session\\Middleware\\StartSession->handleStatefulRequest()
#27 /home/stunde/Downloads/Syscodes_ERP/vendor/laravel/framework/src/Illuminate/Pipeline/Pipeline.php(167): Illuminate\\Session\\Middleware\\StartSession->handle()
#28 /home/stunde/Downloads/Syscodes_ERP/vendor/laravel/framework/src/Illuminate/Cookie/Middleware/AddQueuedCookiesToResponse.php(37): Illuminate\\Pipeline\\Pipeline->Illuminate\\Pipeline\\{closure}()
#29 /home/stunde/Downloads/Syscodes_ERP/vendor/laravel/framework/src/Illuminate/Pipeline/Pipeline.php(167): Illuminate\\Cookie\\Middleware\\AddQueuedCookiesToResponse->handle()
#30 /home/stunde/Downloads/Syscodes_ERP/vendor/laravel/framework/src/Illuminate/Cookie/Middleware/EncryptCookies.php(67): Illuminate\\Pipeline\\Pipeline->Illuminate\\Pipeline\\{closure}()
#31 /home/stunde/Downloads/Syscodes_ERP/vendor/laravel/framework/src/Illuminate/Pipeline/Pipeline.php(167): Illuminate\\Cookie\\Middleware\\EncryptCookies->handle()
#32 /home/stunde/Downloads/Syscodes_ERP/vendor/laravel/framework/src/Illuminate/Pipeline/Pipeline.php(103): Illuminate\\Pipeline\\Pipeline->Illuminate\\Pipeline\\{closure}()
#33 /home/stunde/Downloads/Syscodes_ERP/vendor/laravel/framework/src/Illuminate/Routing/Router.php(726): Illuminate\\Pipeline\\Pipeline->then()
#34 /home/stunde/Downloads/Syscodes_ERP/vendor/laravel/framework/src/Illuminate/Routing/Router.php(701): Illuminate\\Routing\\Router->runRouteWithinStack()
#35 /home/stunde/Downloads/Syscodes_ERP/vendor/laravel/framework/src/Illuminate/Routing/Router.php(665): Illuminate\\Routing\\Router->runRoute()
#36 /home/stunde/Downloads/Syscodes_ERP/vendor/laravel/framework/src/Illuminate/Routing/Router.php(654): Illuminate\\Routing\\Router->dispatchToRoute()
#37 /home/stunde/Downloads/Syscodes_ERP/vendor/laravel/framework/src/Illuminate/Foundation/Http/Kernel.php(167): Illuminate\\Routing\\Router->dispatch()
#38 /home/stunde/Downloads/Syscodes_ERP/vendor/laravel/framework/src/Illuminate/Pipeline/Pipeline.php(128): Illuminate\\Foundation\\Http\\Kernel->Illuminate\\Foundation\\Http\\{closure}()
#39 /home/stunde/Downloads/Syscodes_ERP/vendor/livewire/livewire/src/DisableBrowserCache.php(19): Illuminate\\Pipeline\\Pipeline->Illuminate\\Pipeline\\{closure}()
#40 /home/stunde/Downloads/Syscodes_ERP/vendor/laravel/framework/src/Illuminate/Pipeline/Pipeline.php(167): Livewire\\DisableBrowserCache->handle()
#41 /home/stunde/Downloads/Syscodes_ERP/vendor/laravel/framework/src/Illuminate/Foundation/Http/Middleware/TransformsRequest.php(21): Illuminate\\Pipeline\\Pipeline->Illuminate\\Pipeline\\{closure}()
#42 /home/stunde/Downloads/Syscodes_ERP/vendor/laravel/framework/src/Illuminate/Foundation/Http/Middleware/ConvertEmptyStringsToNull.php(31): Illuminate\\Foundation\\Http\\Middleware\\TransformsRequest->handle()
#43 /home/stunde/Downloads/Syscodes_ERP/vendor/laravel/framework/src/Illuminate/Pipeline/Pipeline.php(167): Illuminate\\Foundation\\Http\\Middleware\\ConvertEmptyStringsToNull->handle()
#44 /home/stunde/Downloads/Syscodes_ERP/vendor/laravel/framework/src/Illuminate/Foundation/Http/Middleware/TransformsRequest.php(21): Illuminate\\Pipeline\\Pipeline->Illuminate\\Pipeline\\{closure}()
#45 /home/stunde/Downloads/Syscodes_ERP/vendor/laravel/framework/src/Illuminate/Foundation/Http/Middleware/TrimStrings.php(40): Illuminate\\Foundation\\Http\\Middleware\\TransformsRequest->handle()
#46 /home/stunde/Downloads/Syscodes_ERP/vendor/laravel/framework/src/Illuminate/Pipeline/Pipeline.php(167): Illuminate\\Foundation\\Http\\Middleware\\TrimStrings->handle()
#47 /home/stunde/Downloads/Syscodes_ERP/vendor/laravel/framework/src/Illuminate/Foundation/Http/Middleware/ValidatePostSize.php(27): Illuminate\\Pipeline\\Pipeline->Illuminate\\Pipeline\\{closure}()
#48 /home/stunde/Downloads/Syscodes_ERP/vendor/laravel/framework/src/Illuminate/Pipeline/Pipeline.php(167): Illuminate\\Foundation\\Http\\Middleware\\ValidatePostSize->handle()
#49 /home/stunde/Downloads/Syscodes_ERP/vendor/laravel/framework/src/Illuminate/Foundation/Http/Middleware/PreventRequestsDuringMaintenance.php(86): Illuminate\\Pipeline\\Pipeline->Illuminate\\Pipeline\\{closure}()
#50 /home/stunde/Downloads/Syscodes_ERP/vendor/laravel/framework/src/Illuminate/Pipeline/Pipeline.php(167): Illuminate\\Foundation\\Http\\Middleware\\PreventRequestsDuringMaintenance->handle()
#51 /home/stunde/Downloads/Syscodes_ERP/vendor/fruitcake/laravel-cors/src/HandleCors.php(38): Illuminate\\Pipeline\\Pipeline->Illuminate\\Pipeline\\{closure}()
#52 /home/stunde/Downloads/Syscodes_ERP/vendor/laravel/framework/src/Illuminate/Pipeline/Pipeline.php(167): Fruitcake\\Cors\\HandleCors->handle()
#53 /home/stunde/Downloads/Syscodes_ERP/vendor/laravel/framework/src/Illuminate/Http/Middleware/TrustProxies.php(39): Illuminate\\Pipeline\\Pipeline->Illuminate\\Pipeline\\{closure}()
#54 /home/stunde/Downloads/Syscodes_ERP/vendor/laravel/framework/src/Illuminate/Pipeline/Pipeline.php(167): Illuminate\\Http\\Middleware\\TrustProxies->handle()
#55 /home/stunde/Downloads/Syscodes_ERP/vendor/laravel/framework/src/Illuminate/Pipeline/Pipeline.php(103): Illuminate\\Pipeline\\Pipeline->Illuminate\\Pipeline\\{closure}()
#56 /home/stunde/Downloads/Syscodes_ERP/vendor/laravel/framework/src/Illuminate/Foundation/Http/Kernel.php(142): Illuminate\\Pipeline\\Pipeline->then()
#57 /home/stunde/Downloads/Syscodes_ERP/vendor/laravel/framework/src/Illuminate/Foundation/Http/Kernel.php(111): Illuminate\\Foundation\\Http\\Kernel->sendRequestThroughRouter()
#58 /home/stunde/Downloads/Syscodes_ERP/public/index.php(52): Illuminate\\Foundation\\Http\\Kernel->handle()
#59 /home/stunde/Downloads/Syscodes_ERP/vendor/laravel/framework/src/Illuminate/Foundation/resources/server.php(16): require_once('...')
#60 {main}
"} 
[2022-09-05 10:35:29] local.ERROR: View [user.home] not found. {"exception":"[object] (InvalidArgumentException(code: 0): View [user.home] not found. at /home/stunde/Downloads/Syscodes_ERP/vendor/laravel/framework/src/Illuminate/View/FileViewFinder.php:137)
[stacktrace]
#0 /home/stunde/Downloads/Syscodes_ERP/vendor/laravel/framework/src/Illuminate/View/FileViewFinder.php(79): Illuminate\\View\\FileViewFinder->findInPaths()
#1 /home/stunde/Downloads/Syscodes_ERP/vendor/laravel/framework/src/Illuminate/View/Factory.php(137): Illuminate\\View\\FileViewFinder->find()
#2 /home/stunde/Downloads/Syscodes_ERP/vendor/laravel/framework/src/Illuminate/Foundation/helpers.php(948): Illuminate\\View\\Factory->make()
#3 /home/stunde/Downloads/Syscodes_ERP/app/Http/Controllers/HomeController.php(199): view()
#4 /home/stunde/Downloads/Syscodes_ERP/vendor/laravel/framework/src/Illuminate/Routing/Controller.php(54): App\\Http\\Controllers\\HomeController->index()
#5 /home/stunde/Downloads/Syscodes_ERP/vendor/laravel/framework/src/Illuminate/Routing/ControllerDispatcher.php(45): Illuminate\\Routing\\Controller->callAction()
#6 /home/stunde/Downloads/Syscodes_ERP/vendor/laravel/framework/src/Illuminate/Routing/Route.php(261): Illuminate\\Routing\\ControllerDispatcher->dispatch()
#7 /home/stunde/Downloads/Syscodes_ERP/vendor/laravel/framework/src/Illuminate/Routing/Route.php(204): Illuminate\\Routing\\Route->runController()
#8 /home/stunde/Downloads/Syscodes_ERP/vendor/laravel/framework/src/Illuminate/Routing/Router.php(724): Illuminate\\Routing\\Route->run()
#9 /home/stunde/Downloads/Syscodes_ERP/vendor/laravel/framework/src/Illuminate/Pipeline/Pipeline.php(128): Illuminate\\Routing\\Router->Illuminate\\Routing\\{closure}()
#10 /home/stunde/Downloads/Syscodes_ERP/vendor/laravel/framework/src/Illuminate/Routing/Middleware/SubstituteBindings.php(50): Illuminate\\Pipeline\\Pipeline->Illuminate\\Pipeline\\{closure}()
#11 /home/stunde/Downloads/Syscodes_ERP/vendor/laravel/framework/src/Illuminate/Pipeline/Pipeline.php(167): Illuminate\\Routing\\Middleware\\SubstituteBindings->handle()
#12 /home/stunde/Downloads/Syscodes_ERP/vendor/laravel/framework/src/Illuminate/Foundation/Http/Middleware/VerifyCsrfToken.php(78): Illuminate\\Pipeline\\Pipeline->Illuminate\\Pipeline\\{closure}()
#13 /home/stunde/Downloads/Syscodes_ERP/vendor/laravel/framework/src/Illuminate/Pipeline/Pipeline.php(167): Illuminate\\Foundation\\Http\\Middleware\\VerifyCsrfToken->handle()
#14 /home/stunde/Downloads/Syscodes_ERP/vendor/laravel/framework/src/Illuminate/View/Middleware/ShareErrorsFromSession.php(49): Illuminate\\Pipeline\\Pipeline->Illuminate\\Pipeline\\{closure}()
#15 /home/stunde/Downloads/Syscodes_ERP/vendor/laravel/framework/src/Illuminate/Pipeline/Pipeline.php(167): Illuminate\\View\\Middleware\\ShareErrorsFromSession->handle()
#16 /home/stunde/Downloads/Syscodes_ERP/vendor/laravel/framework/src/Illuminate/Session/Middleware/AuthenticateSession.php(39): Illuminate\\Pipeline\\Pipeline->Illuminate\\Pipeline\\{closure}()
#17 /home/stunde/Downloads/Syscodes_ERP/vendor/laravel/framework/src/Illuminate/Pipeline/Pipeline.php(167): Illuminate\\Session\\Middleware\\AuthenticateSession->handle()
#18 /home/stunde/Downloads/Syscodes_ERP/vendor/laravel/framework/src/Illuminate/Session/Middleware/StartSession.php(121): Illuminate\\Pipeline\\Pipeline->Illuminate\\Pipeline\\{closure}()
#19 /home/stunde/Downloads/Syscodes_ERP/vendor/laravel/framework/src/Illuminate/Session/Middleware/StartSession.php(64): Illuminate\\Session\\Middleware\\StartSession->handleStatefulRequest()
#20 /home/stunde/Downloads/Syscodes_ERP/vendor/laravel/framework/src/Illuminate/Pipeline/Pipeline.php(167): Illuminate\\Session\\Middleware\\StartSession->handle()
#21 /home/stunde/Downloads/Syscodes_ERP/vendor/laravel/framework/src/Illuminate/Cookie/Middleware/AddQueuedCookiesToResponse.php(37): Illuminate\\Pipeline\\Pipeline->Illuminate\\Pipeline\\{closure}()
#22 /home/stunde/Downloads/Syscodes_ERP/vendor/laravel/framework/src/Illuminate/Pipeline/Pipeline.php(167): Illuminate\\Cookie\\Middleware\\AddQueuedCookiesToResponse->handle()
#23 /home/stunde/Downloads/Syscodes_ERP/vendor/laravel/framework/src/Illuminate/Cookie/Middleware/EncryptCookies.php(67): Illuminate\\Pipeline\\Pipeline->Illuminate\\Pipeline\\{closure}()
#24 /home/stunde/Downloads/Syscodes_ERP/vendor/laravel/framework/src/Illuminate/Pipeline/Pipeline.php(167): Illuminate\\Cookie\\Middleware\\EncryptCookies->handle()
#25 /home/stunde/Downloads/Syscodes_ERP/vendor/laravel/framework/src/Illuminate/Pipeline/Pipeline.php(103): Illuminate\\Pipeline\\Pipeline->Illuminate\\Pipeline\\{closure}()
#26 /home/stunde/Downloads/Syscodes_ERP/vendor/laravel/framework/src/Illuminate/Routing/Router.php(726): Illuminate\\Pipeline\\Pipeline->then()
#27 /home/stunde/Downloads/Syscodes_ERP/vendor/laravel/framework/src/Illuminate/Routing/Router.php(701): Illuminate\\Routing\\Router->runRouteWithinStack()
#28 /home/stunde/Downloads/Syscodes_ERP/vendor/laravel/framework/src/Illuminate/Routing/Router.php(665): Illuminate\\Routing\\Router->runRoute()
#29 /home/stunde/Downloads/Syscodes_ERP/vendor/laravel/framework/src/Illuminate/Routing/Router.php(654): Illuminate\\Routing\\Router->dispatchToRoute()
#30 /home/stunde/Downloads/Syscodes_ERP/vendor/laravel/framework/src/Illuminate/Foundation/Http/Kernel.php(167): Illuminate\\Routing\\Router->dispatch()
#31 /home/stunde/Downloads/Syscodes_ERP/vendor/laravel/framework/src/Illuminate/Pipeline/Pipeline.php(128): Illuminate\\Foundation\\Http\\Kernel->Illuminate\\Foundation\\Http\\{closure}()
#32 /home/stunde/Downloads/Syscodes_ERP/vendor/livewire/livewire/src/DisableBrowserCache.php(19): Illuminate\\Pipeline\\Pipeline->Illuminate\\Pipeline\\{closure}()
#33 /home/stunde/Downloads/Syscodes_ERP/vendor/laravel/framework/src/Illuminate/Pipeline/Pipeline.php(167): Livewire\\DisableBrowserCache->handle()
#34 /home/stunde/Downloads/Syscodes_ERP/vendor/laravel/framework/src/Illuminate/Foundation/Http/Middleware/TransformsRequest.php(21): Illuminate\\Pipeline\\Pipeline->Illuminate\\Pipeline\\{closure}()
#35 /home/stunde/Downloads/Syscodes_ERP/vendor/laravel/framework/src/Illuminate/Foundation/Http/Middleware/ConvertEmptyStringsToNull.php(31): Illuminate\\Foundation\\Http\\Middleware\\TransformsRequest->handle()
#36 /home/stunde/Downloads/Syscodes_ERP/vendor/laravel/framework/src/Illuminate/Pipeline/Pipeline.php(167): Illuminate\\Foundation\\Http\\Middleware\\ConvertEmptyStringsToNull->handle()
#37 /home/stunde/Downloads/Syscodes_ERP/vendor/laravel/framework/src/Illuminate/Foundation/Http/Middleware/TransformsRequest.php(21): Illuminate\\Pipeline\\Pipeline->Illuminate\\Pipeline\\{closure}()
#38 /home/stunde/Downloads/Syscodes_ERP/vendor/laravel/framework/src/Illuminate/Foundation/Http/Middleware/TrimStrings.php(40): Illuminate\\Foundation\\Http\\Middleware\\TransformsRequest->handle()
#39 /home/stunde/Downloads/Syscodes_ERP/vendor/laravel/framework/src/Illuminate/Pipeline/Pipeline.php(167): Illuminate\\Foundation\\Http\\Middleware\\TrimStrings->handle()
#40 /home/stunde/Downloads/Syscodes_ERP/vendor/laravel/framework/src/Illuminate/Foundation/Http/Middleware/ValidatePostSize.php(27): Illuminate\\Pipeline\\Pipeline->Illuminate\\Pipeline\\{closure}()
#41 /home/stunde/Downloads/Syscodes_ERP/vendor/laravel/framework/src/Illuminate/Pipeline/Pipeline.php(167): Illuminate\\Foundation\\Http\\Middleware\\ValidatePostSize->handle()
#42 /home/stunde/Downloads/Syscodes_ERP/vendor/laravel/framework/src/Illuminate/Foundation/Http/Middleware/PreventRequestsDuringMaintenance.php(86): Illuminate\\Pipeline\\Pipeline->Illuminate\\Pipeline\\{closure}()
#43 /home/stunde/Downloads/Syscodes_ERP/vendor/laravel/framework/src/Illuminate/Pipeline/Pipeline.php(167): Illuminate\\Foundation\\Http\\Middleware\\PreventRequestsDuringMaintenance->handle()
#44 /home/stunde/Downloads/Syscodes_ERP/vendor/fruitcake/laravel-cors/src/HandleCors.php(38): Illuminate\\Pipeline\\Pipeline->Illuminate\\Pipeline\\{closure}()
#45 /home/stunde/Downloads/Syscodes_ERP/vendor/laravel/framework/src/Illuminate/Pipeline/Pipeline.php(167): Fruitcake\\Cors\\HandleCors->handle()
#46 /home/stunde/Downloads/Syscodes_ERP/vendor/laravel/framework/src/Illuminate/Http/Middleware/TrustProxies.php(39): Illuminate\\Pipeline\\Pipeline->Illuminate\\Pipeline\\{closure}()
#47 /home/stunde/Downloads/Syscodes_ERP/vendor/laravel/framework/src/Illuminate/Pipeline/Pipeline.php(167): Illuminate\\Http\\Middleware\\TrustProxies->handle()
#48 /home/stunde/Downloads/Syscodes_ERP/vendor/laravel/framework/src/Illuminate/Pipeline/Pipeline.php(103): Illuminate\\Pipeline\\Pipeline->Illuminate\\Pipeline\\{closure}()
#49 /home/stunde/Downloads/Syscodes_ERP/vendor/laravel/framework/src/Illuminate/Foundation/Http/Kernel.php(142): Illuminate\\Pipeline\\Pipeline->then()
#50 /home/stunde/Downloads/Syscodes_ERP/vendor/laravel/framework/src/Illuminate/Foundation/Http/Kernel.php(111): Illuminate\\Foundation\\Http\\Kernel->sendRequestThroughRouter()
#51 /home/stunde/Downloads/Syscodes_ERP/public/index.php(52): Illuminate\\Foundation\\Http\\Kernel->handle()
#52 /home/stunde/Downloads/Syscodes_ERP/vendor/laravel/framework/src/Illuminate/Foundation/resources/server.php(16): require_once('...')
#53 {main}
"} 
[2022-09-05 10:38:18] local.ERROR: View [user.home] not found. {"exception":"[object] (InvalidArgumentException(code: 0): View [user.home] not found. at /home/stunde/Downloads/Syscodes_ERP/vendor/laravel/framework/src/Illuminate/View/FileViewFinder.php:137)
[stacktrace]
#0 /home/stunde/Downloads/Syscodes_ERP/vendor/laravel/framework/src/Illuminate/View/FileViewFinder.php(79): Illuminate\\View\\FileViewFinder->findInPaths()
#1 /home/stunde/Downloads/Syscodes_ERP/vendor/laravel/framework/src/Illuminate/View/Factory.php(137): Illuminate\\View\\FileViewFinder->find()
#2 /home/stunde/Downloads/Syscodes_ERP/vendor/laravel/framework/src/Illuminate/Foundation/helpers.php(948): Illuminate\\View\\Factory->make()
#3 /home/stunde/Downloads/Syscodes_ERP/app/Http/Controllers/HomeController.php(199): view()
#4 /home/stunde/Downloads/Syscodes_ERP/vendor/laravel/framework/src/Illuminate/Routing/Controller.php(54): App\\Http\\Controllers\\HomeController->index()
#5 /home/stunde/Downloads/Syscodes_ERP/vendor/laravel/framework/src/Illuminate/Routing/ControllerDispatcher.php(45): Illuminate\\Routing\\Controller->callAction()
#6 /home/stunde/Downloads/Syscodes_ERP/vendor/laravel/framework/src/Illuminate/Routing/Route.php(261): Illuminate\\Routing\\ControllerDispatcher->dispatch()
#7 /home/stunde/Downloads/Syscodes_ERP/vendor/laravel/framework/src/Illuminate/Routing/Route.php(204): Illuminate\\Routing\\Route->runController()
#8 /home/stunde/Downloads/Syscodes_ERP/vendor/laravel/framework/src/Illuminate/Routing/Router.php(724): Illuminate\\Routing\\Route->run()
#9 /home/stunde/Downloads/Syscodes_ERP/vendor/laravel/framework/src/Illuminate/Pipeline/Pipeline.php(128): Illuminate\\Routing\\Router->Illuminate\\Routing\\{closure}()
#10 /home/stunde/Downloads/Syscodes_ERP/vendor/laravel/framework/src/Illuminate/Routing/Middleware/SubstituteBindings.php(50): Illuminate\\Pipeline\\Pipeline->Illuminate\\Pipeline\\{closure}()
#11 /home/stunde/Downloads/Syscodes_ERP/vendor/laravel/framework/src/Illuminate/Pipeline/Pipeline.php(167): Illuminate\\Routing\\Middleware\\SubstituteBindings->handle()
#12 /home/stunde/Downloads/Syscodes_ERP/vendor/laravel/framework/src/Illuminate/Foundation/Http/Middleware/VerifyCsrfToken.php(78): Illuminate\\Pipeline\\Pipeline->Illuminate\\Pipeline\\{closure}()
#13 /home/stunde/Downloads/Syscodes_ERP/vendor/laravel/framework/src/Illuminate/Pipeline/Pipeline.php(167): Illuminate\\Foundation\\Http\\Middleware\\VerifyCsrfToken->handle()
#14 /home/stunde/Downloads/Syscodes_ERP/vendor/laravel/framework/src/Illuminate/View/Middleware/ShareErrorsFromSession.php(49): Illuminate\\Pipeline\\Pipeline->Illuminate\\Pipeline\\{closure}()
#15 /home/stunde/Downloads/Syscodes_ERP/vendor/laravel/framework/src/Illuminate/Pipeline/Pipeline.php(167): Illuminate\\View\\Middleware\\ShareErrorsFromSession->handle()
#16 /home/stunde/Downloads/Syscodes_ERP/vendor/laravel/framework/src/Illuminate/Session/Middleware/AuthenticateSession.php(39): Illuminate\\Pipeline\\Pipeline->Illuminate\\Pipeline\\{closure}()
#17 /home/stunde/Downloads/Syscodes_ERP/vendor/laravel/framework/src/Illuminate/Pipeline/Pipeline.php(167): Illuminate\\Session\\Middleware\\AuthenticateSession->handle()
#18 /home/stunde/Downloads/Syscodes_ERP/vendor/laravel/framework/src/Illuminate/Session/Middleware/StartSession.php(121): Illuminate\\Pipeline\\Pipeline->Illuminate\\Pipeline\\{closure}()
#19 /home/stunde/Downloads/Syscodes_ERP/vendor/laravel/framework/src/Illuminate/Session/Middleware/StartSession.php(64): Illuminate\\Session\\Middleware\\StartSession->handleStatefulRequest()
#20 /home/stunde/Downloads/Syscodes_ERP/vendor/laravel/framework/src/Illuminate/Pipeline/Pipeline.php(167): Illuminate\\Session\\Middleware\\StartSession->handle()
#21 /home/stunde/Downloads/Syscodes_ERP/vendor/laravel/framework/src/Illuminate/Cookie/Middleware/AddQueuedCookiesToResponse.php(37): Illuminate\\Pipeline\\Pipeline->Illuminate\\Pipeline\\{closure}()
#22 /home/stunde/Downloads/Syscodes_ERP/vendor/laravel/framework/src/Illuminate/Pipeline/Pipeline.php(167): Illuminate\\Cookie\\Middleware\\AddQueuedCookiesToResponse->handle()
#23 /home/stunde/Downloads/Syscodes_ERP/vendor/laravel/framework/src/Illuminate/Cookie/Middleware/EncryptCookies.php(67): Illuminate\\Pipeline\\Pipeline->Illuminate\\Pipeline\\{closure}()
#24 /home/stunde/Downloads/Syscodes_ERP/vendor/laravel/framework/src/Illuminate/Pipeline/Pipeline.php(167): Illuminate\\Cookie\\Middleware\\EncryptCookies->handle()
#25 /home/stunde/Downloads/Syscodes_ERP/vendor/laravel/framework/src/Illuminate/Pipeline/Pipeline.php(103): Illuminate\\Pipeline\\Pipeline->Illuminate\\Pipeline\\{closure}()
#26 /home/stunde/Downloads/Syscodes_ERP/vendor/laravel/framework/src/Illuminate/Routing/Router.php(726): Illuminate\\Pipeline\\Pipeline->then()
#27 /home/stunde/Downloads/Syscodes_ERP/vendor/laravel/framework/src/Illuminate/Routing/Router.php(701): Illuminate\\Routing\\Router->runRouteWithinStack()
#28 /home/stunde/Downloads/Syscodes_ERP/vendor/laravel/framework/src/Illuminate/Routing/Router.php(665): Illuminate\\Routing\\Router->runRoute()
#29 /home/stunde/Downloads/Syscodes_ERP/vendor/laravel/framework/src/Illuminate/Routing/Router.php(654): Illuminate\\Routing\\Router->dispatchToRoute()
#30 /home/stunde/Downloads/Syscodes_ERP/vendor/laravel/framework/src/Illuminate/Foundation/Http/Kernel.php(167): Illuminate\\Routing\\Router->dispatch()
#31 /home/stunde/Downloads/Syscodes_ERP/vendor/laravel/framework/src/Illuminate/Pipeline/Pipeline.php(128): Illuminate\\Foundation\\Http\\Kernel->Illuminate\\Foundation\\Http\\{closure}()
#32 /home/stunde/Downloads/Syscodes_ERP/vendor/livewire/livewire/src/DisableBrowserCache.php(19): Illuminate\\Pipeline\\Pipeline->Illuminate\\Pipeline\\{closure}()
#33 /home/stunde/Downloads/Syscodes_ERP/vendor/laravel/framework/src/Illuminate/Pipeline/Pipeline.php(167): Livewire\\DisableBrowserCache->handle()
#34 /home/stunde/Downloads/Syscodes_ERP/vendor/laravel/framework/src/Illuminate/Foundation/Http/Middleware/TransformsRequest.php(21): Illuminate\\Pipeline\\Pipeline->Illuminate\\Pipeline\\{closure}()
#35 /home/stunde/Downloads/Syscodes_ERP/vendor/laravel/framework/src/Illuminate/Foundation/Http/Middleware/ConvertEmptyStringsToNull.php(31): Illuminate\\Foundation\\Http\\Middleware\\TransformsRequest->handle()
#36 /home/stunde/Downloads/Syscodes_ERP/vendor/laravel/framework/src/Illuminate/Pipeline/Pipeline.php(167): Illuminate\\Foundation\\Http\\Middleware\\ConvertEmptyStringsToNull->handle()
#37 /home/stunde/Downloads/Syscodes_ERP/vendor/laravel/framework/src/Illuminate/Foundation/Http/Middleware/TransformsRequest.php(21): Illuminate\\Pipeline\\Pipeline->Illuminate\\Pipeline\\{closure}()
#38 /home/stunde/Downloads/Syscodes_ERP/vendor/laravel/framework/src/Illuminate/Foundation/Http/Middleware/TrimStrings.php(40): Illuminate\\Foundation\\Http\\Middleware\\TransformsRequest->handle()
#39 /home/stunde/Downloads/Syscodes_ERP/vendor/laravel/framework/src/Illuminate/Pipeline/Pipeline.php(167): Illuminate\\Foundation\\Http\\Middleware\\TrimStrings->handle()
#40 /home/stunde/Downloads/Syscodes_ERP/vendor/laravel/framework/src/Illuminate/Foundation/Http/Middleware/ValidatePostSize.php(27): Illuminate\\Pipeline\\Pipeline->Illuminate\\Pipeline\\{closure}()
#41 /home/stunde/Downloads/Syscodes_ERP/vendor/laravel/framework/src/Illuminate/Pipeline/Pipeline.php(167): Illuminate\\Foundation\\Http\\Middleware\\ValidatePostSize->handle()
#42 /home/stunde/Downloads/Syscodes_ERP/vendor/laravel/framework/src/Illuminate/Foundation/Http/Middleware/PreventRequestsDuringMaintenance.php(86): Illuminate\\Pipeline\\Pipeline->Illuminate\\Pipeline\\{closure}()
#43 /home/stunde/Downloads/Syscodes_ERP/vendor/laravel/framework/src/Illuminate/Pipeline/Pipeline.php(167): Illuminate\\Foundation\\Http\\Middleware\\PreventRequestsDuringMaintenance->handle()
#44 /home/stunde/Downloads/Syscodes_ERP/vendor/fruitcake/laravel-cors/src/HandleCors.php(38): Illuminate\\Pipeline\\Pipeline->Illuminate\\Pipeline\\{closure}()
#45 /home/stunde/Downloads/Syscodes_ERP/vendor/laravel/framework/src/Illuminate/Pipeline/Pipeline.php(167): Fruitcake\\Cors\\HandleCors->handle()
#46 /home/stunde/Downloads/Syscodes_ERP/vendor/laravel/framework/src/Illuminate/Http/Middleware/TrustProxies.php(39): Illuminate\\Pipeline\\Pipeline->Illuminate\\Pipeline\\{closure}()
#47 /home/stunde/Downloads/Syscodes_ERP/vendor/laravel/framework/src/Illuminate/Pipeline/Pipeline.php(167): Illuminate\\Http\\Middleware\\TrustProxies->handle()
#48 /home/stunde/Downloads/Syscodes_ERP/vendor/laravel/framework/src/Illuminate/Pipeline/Pipeline.php(103): Illuminate\\Pipeline\\Pipeline->Illuminate\\Pipeline\\{closure}()
#49 /home/stunde/Downloads/Syscodes_ERP/vendor/laravel/framework/src/Illuminate/Foundation/Http/Kernel.php(142): Illuminate\\Pipeline\\Pipeline->then()
#50 /home/stunde/Downloads/Syscodes_ERP/vendor/laravel/framework/src/Illuminate/Foundation/Http/Kernel.php(111): Illuminate\\Foundation\\Http\\Kernel->sendRequestThroughRouter()
#51 /home/stunde/Downloads/Syscodes_ERP/public/index.php(52): Illuminate\\Foundation\\Http\\Kernel->handle()
#52 /home/stunde/Downloads/Syscodes_ERP/vendor/laravel/framework/src/Illuminate/Foundation/resources/server.php(16): require_once('...')
#53 {main}
"} 
